

Microchip Technology PIC LITE Macro Assembler V1.38 build -256452561 
                                                                                               Mon Dec 12 20:58:46 2016

Microchip Technology Omniscient Code Generator v1.38 (Free mode) build 201607010351
     1                           	processor	16F887
     2                           	opt	pw 120
     3                           	opt	lm
     4                           	psect	cinit,global,class=CODE,merge=1,delta=2
     5                           	psect	cstackCOMMON,global,class=COMMON,space=1,delta=1
     6                           	psect	maintext,global,class=CODE,split=1,delta=2
     7                           	dabs	1,0x7E,2
     8  0000                     	;# 
     9  0001                     	;# 
    10  0002                     	;# 
    11  0003                     	;# 
    12  0004                     	;# 
    13  0005                     	;# 
    14  0006                     	;# 
    15  0007                     	;# 
    16  0008                     	;# 
    17  0009                     	;# 
    18  000A                     	;# 
    19  000B                     	;# 
    20  000C                     	;# 
    21  000D                     	;# 
    22  000E                     	;# 
    23  000E                     	;# 
    24  000F                     	;# 
    25  0010                     	;# 
    26  0011                     	;# 
    27  0012                     	;# 
    28  0013                     	;# 
    29  0014                     	;# 
    30  0015                     	;# 
    31  0015                     	;# 
    32  0016                     	;# 
    33  0017                     	;# 
    34  0018                     	;# 
    35  0019                     	;# 
    36  001A                     	;# 
    37  001B                     	;# 
    38  001B                     	;# 
    39  001C                     	;# 
    40  001D                     	;# 
    41  001E                     	;# 
    42  001F                     	;# 
    43  0081                     	;# 
    44  0085                     	;# 
    45  0086                     	;# 
    46  0087                     	;# 
    47  0088                     	;# 
    48  0089                     	;# 
    49  008C                     	;# 
    50  008D                     	;# 
    51  008E                     	;# 
    52  008F                     	;# 
    53  0090                     	;# 
    54  0091                     	;# 
    55  0092                     	;# 
    56  0093                     	;# 
    57  0093                     	;# 
    58  0093                     	;# 
    59  0094                     	;# 
    60  0095                     	;# 
    61  0096                     	;# 
    62  0097                     	;# 
    63  0098                     	;# 
    64  0099                     	;# 
    65  009A                     	;# 
    66  009B                     	;# 
    67  009C                     	;# 
    68  009D                     	;# 
    69  009E                     	;# 
    70  009F                     	;# 
    71  0105                     	;# 
    72  0107                     	;# 
    73  0108                     	;# 
    74  0109                     	;# 
    75  010C                     	;# 
    76  010C                     	;# 
    77  010D                     	;# 
    78  010E                     	;# 
    79  010F                     	;# 
    80  0185                     	;# 
    81  0187                     	;# 
    82  0188                     	;# 
    83  0189                     	;# 
    84  018C                     	;# 
    85  018D                     	;# 
    86  0006                     _PORTB	set	6
    87  0030                     _RB0	set	48
    88  0034                     _RB4	set	52
    89  0035                     _RB5	set	53
    90  0036                     _RB6	set	54
    91  0037                     _RB7	set	55
    92  0086                     _TRISB	set	134
    93  0188                     _ANSEL	set	392
    94  0189                     _ANSELH	set	393
    95                           
    96                           ; #config settings
    97  0000                     
    98                           	psect	cinit
    99  07FC                     start_initialization:	
   100  07FC                     __initialization:	
   101  07FC                     end_of_initialization:	
   102                           ;End of C runtime variable initialization code
   103                           
   104  07FC                     __end_of__initialization:	
   105  07FC  0183               	clrf	3
   106  07FD  120A  118A  2FD4   	ljmp	_main	;jump to C main() function
   107                           
   108                           	psect	cstackCOMMON
   109  0070                     __pcstackCOMMON:	
   110  0070                     ?_main:	
   111  0070                     ??_main:	
   112                           ; 1 bytes @ 0x0
   113                           
   114                           
   115                           ; 1 bytes @ 0x0
   116  0070                     	ds	1
   117                           
   118                           	psect	maintext
   119  07D4                     __pmaintext:	
   120 ;;
   121 ;;Main: autosize = 0, tempsize = 1, incstack = 0, save=0
   122 ;;
   123 ;; *************** function _main *****************
   124 ;; Defined at:
   125 ;;		line 22 in file "main.c"
   126 ;; Parameters:    Size  Location     Type
   127 ;;		None
   128 ;; Auto vars:     Size  Location     Type
   129 ;;		None
   130 ;; Return value:  Size  Location     Type
   131 ;;                  1    wreg      void 
   132 ;; Registers used:
   133 ;;		wreg, status,2, status,0
   134 ;; Tracked objects:
   135 ;;		On entry : B00/0
   136 ;;		On exit  : 0/0
   137 ;;		Unchanged: 0/0
   138 ;; Data sizes:     COMMON   BANK0   BANK1   BANK3   BANK2
   139 ;;      Params:         0       0       0       0       0
   140 ;;      Locals:         0       0       0       0       0
   141 ;;      Temps:          1       0       0       0       0
   142 ;;      Totals:         1       0       0       0       0
   143 ;;Total ram usage:        1 bytes
   144 ;; This function calls:
   145 ;;		Nothing
   146 ;; This function is called by:
   147 ;;		Startup code after reset
   148 ;; This function uses a non-reentrant model
   149 ;;
   150                           
   151                           
   152                           ;psect for function _main
   153  07D4                     _main:	
   154                           
   155                           ;main.c: 23: TRISB=0b11110000;
   156                           
   157                           ;incstack = 0
   158                           ; Regs used in _main: [wreg+status,2+status,0]
   159  07D4  30F0               	movlw	240
   160  07D5  1683               	bsf	3,5	;RP0=1, select bank1
   161  07D6  1303               	bcf	3,6	;RP1=0, select bank1
   162  07D7  0086               	movwf	6	;volatile
   163                           
   164                           ;main.c: 24: PORTB=0x00;
   165  07D8  1283               	bcf	3,5	;RP0=0, select bank0
   166  07D9  1303               	bcf	3,6	;RP1=0, select bank0
   167  07DA  0186               	clrf	6	;volatile
   168                           
   169                           ;main.c: 25: ANSEL=0;
   170  07DB  1683               	bsf	3,5	;RP0=1, select bank3
   171  07DC  1703               	bsf	3,6	;RP1=1, select bank3
   172  07DD  0188               	clrf	8	;volatile
   173                           
   174                           ;main.c: 26: ANSELH=0;
   175  07DE  0189               	clrf	9	;volatile
   176  07DF                     l494:	
   177                           ;main.c: 27: while(1)
   178                           
   179                           
   180                           ;main.c: 28: {
   181                           ;main.c: 29: if (RB4|RB5|RB6|RB7) RB0=1;
   182  07DF  1283               	bcf	3,5	;RP0=0, select bank0
   183  07E0  1303               	bcf	3,6	;RP1=0, select bank0
   184  07E1  1F86               	btfss	6,7	;volatile
   185  07E2  2FE5               	goto	u10
   186  07E3  3001               	movlw	1
   187  07E4  2FE6               	goto	u12
   188  07E5                     u10:	
   189  07E5  3000               	movlw	0
   190  07E6                     u12:	
   191  07E6  00F0               	movwf	??_main
   192  07E7  3000               	movlw	0
   193  07E8  1A06               	btfsc	6,4	;volatile
   194  07E9  3801               	iorlw	1
   195  07EA  1A86               	btfsc	6,5	;volatile
   196  07EB  3801               	iorlw	1
   197  07EC  1B06               	btfsc	6,6	;volatile
   198  07ED  3801               	iorlw	1
   199  07EE  3800               	iorlw	0
   200  07EF  1903               	btfsc	3,2
   201  07F0  2FF3               	goto	u20
   202  07F1  3001               	movlw	1
   203  07F2  2FF4               	goto	u22
   204  07F3                     u20:	
   205  07F3  3000               	movlw	0
   206  07F4                     u22:	
   207  07F4  0470               	iorwf	??_main,w
   208  07F5  3800               	iorlw	0
   209  07F6  1903               	skipnz
   210  07F7  2FFA               	goto	l22
   211  07F8  1406               	bsf	6,0	;volatile
   212  07F9  2FDF               	goto	l494
   213  07FA                     l22:	
   214                           
   215                           ;main.c: 30: else RB0=0;
   216  07FA  1006               	bcf	6,0	;volatile
   217  07FB  2FDF               	goto	l494
   218  07FC                     __end_of_main:	
   219                           ;main.c: 31: }
   220                           ;main.c: 33: return;
   221                           
   222  007E                     btemp	set	126	;btemp
   223  007E                     wtemp	set	126
   224  007E                     wtemp0	set	126
   225  0080                     wtemp1	set	128
   226  0082                     wtemp2	set	130
   227  0084                     wtemp3	set	132
   228  0086                     wtemp4	set	134
   229  0088                     wtemp5	set	136
   230  007F                     wtemp6	set	127
   231  007E                     ttemp	set	126
   232  007E                     ttemp0	set	126
   233  0081                     ttemp1	set	129
   234  0084                     ttemp2	set	132
   235  0087                     ttemp3	set	135
   236  007F                     ttemp4	set	127
   237  007E                     ltemp	set	126
   238  007E                     ltemp0	set	126
   239  0082                     ltemp1	set	130
   240  0086                     ltemp2	set	134
   241  0080                     ltemp3	set	128


Data Sizes:
    Strings     0
    Constant    0
    Data        0
    BSS         0
    Persistent  0
    Stack       0

Auto Spaces:
    Space          Size  Autos    Used
    COMMON           14      1       1
    BANK0            80      0       0
    BANK1            80      0       0
    BANK3            96      0       0
    BANK2            96      0       0

Pointer List with Targets:

    None.

Critical Paths under _main in COMMON

    None.

Critical Paths under _main in BANK0

    None.

Critical Paths under _main in BANK1

    None.

Critical Paths under _main in BANK3

    None.

Critical Paths under _main in BANK2

    None.

Call Graph Tables:

 ---------------------------------------------------------------------------------
 (Depth) Function   	        Calls       Base Space   Used Autos Params    Refs
 ---------------------------------------------------------------------------------
 (0) _main                                                 1     1      0       0
                                              0 COMMON     1     1      0
 ---------------------------------------------------------------------------------
 Estimated maximum stack depth 0
 ---------------------------------------------------------------------------------

 Call Graph Graphs:

 _main (ROOT)

 Address spaces:
Name               Size   Autos  Total    Cost      Usage
BITCOMMON            E      0       0       0        0.0%
EEDATA             100      0       0       0        0.0%
NULL                 0      0       0       0        0.0%
CODE                 0      0       0       0        0.0%
COMMON               E      1       1       1        7.1%
BITSFR0              0      0       0       1        0.0%
SFR0                 0      0       0       1        0.0%
BITSFR1              0      0       0       2        0.0%
SFR1                 0      0       0       2        0.0%
STACK                0      0       0       2        0.0%
ABS                  0      0       0       3        0.0%
BITBANK0            50      0       0       4        0.0%
BITSFR3              0      0       0       4        0.0%
SFR3                 0      0       0       4        0.0%
BANK0               50      0       0       5        0.0%
BITSFR2              0      0       0       5        0.0%
SFR2                 0      0       0       5        0.0%
BITBANK1            50      0       0       6        0.0%
BANK1               50      0       0       7        0.0%
BITBANK3            60      0       0       8        0.0%
BANK3               60      0       0       9        0.0%
BITBANK2            60      0       0      10        0.0%
BANK2               60      0       0      11        0.0%
DATA                 0      0       0      12        0.0%


Microchip Technology PIC Macro Assembler V1.38 build -256452561 
Symbol Table                                                                                   Mon Dec 12 20:58:46 2016

            __CFG_CP$OFF 0000                       l22 07FA                       u10 07E5  
                     u20 07F3                       u12 07E6                       u22 07F4  
                    l494 07DF                      _RB0 0030                      _RB4 0034  
                    _RB5 0035                      _RB6 0036                      _RB7 0037  
           __CFG_CPD$OFF 0000             __CFG_FOSC$HS 0000             __CFG_LVP$OFF 0000  
           __CFG_WRT$OFF 0000                     _main 07D4                     btemp 007E  
                   ltemp 007E                     start 0000                     ttemp 007E  
                   wtemp 007E            __CFG_IESO$OFF 0000            __CFG_MCLRE$ON 0000  
                  ?_main 0070            __CFG_WDTE$OFF 0000                    _ANSEL 0188  
                  _PORTB 0006                    _TRISB 0086           __CFG_FCMEN$OFF 0000  
         __CFG_BOREN$OFF 0000                    ltemp0 007E                    ltemp1 0082  
                  ltemp2 0086                    ltemp3 0080                    ttemp0 007E  
                  ttemp1 0081                    ttemp2 0084                    ttemp3 0087  
                  ttemp4 007F                    status 0003                    wtemp0 007E  
                  wtemp1 0080                    wtemp2 0082                    wtemp3 0084  
                  wtemp4 0086                    wtemp5 0088                    wtemp6 007F  
        __initialization 07FC             __end_of_main 07FC                   ??_main 0070  
                 _ANSELH 0189           __CFG_PWRTE$OFF 0000  __end_of__initialization 07FC  
         __pcstackCOMMON 0070               __pmaintext 07D4     end_of_initialization 07FC  
    start_initialization 07FC                ___latbits 0002        __CFG_BOR4V$BOR40V 0000  
          __size_of_main 0028  
